Arguments: 
  /Users/nickkao/.nvm/versions/node/v12.22.6/bin/node /usr/local/Cellar/yarn/1.22.17/libexec/bin/yarn.js add dovenv

PATH: 
  /Users/nickkao/SDK/google-cloud-sdk/bin:/Users/nickkao/.cabal/bin:/Users/nickkao/.ghcup/bin:/Users/nickkao/.nvm/versions/node/v12.22.6/bin:/usr/local/bin:/usr/bin:/bin:/usr/sbin:/sbin:/usr/local/go/bin:/opt/X11/bin:/Library/Apple/usr/bin:/Users/nickkao/SDK/google-cloud-sdk/bin:/Users/nickkao/.cabal/bin:/Users/nickkao/.ghcup/bin:/Users/nickkao/.nvm/versions/node/v12.22.6/bin

Yarn version: 
  1.22.17

Node version: 
  12.22.6

Platform: 
  darwin x64

Trace: 
  Error: https://registry.yarnpkg.com/dovenv: Not found
      at Request.params.callback [as _callback] (/usr/local/Cellar/yarn/1.22.17/libexec/lib/cli.js:67029:18)
      at Request.self.callback (/usr/local/Cellar/yarn/1.22.17/libexec/lib/cli.js:140883:22)
      at Request.emit (events.js:314:20)
      at Request.<anonymous> (/usr/local/Cellar/yarn/1.22.17/libexec/lib/cli.js:141855:10)
      at Request.emit (events.js:314:20)
      at IncomingMessage.<anonymous> (/usr/local/Cellar/yarn/1.22.17/libexec/lib/cli.js:141777:12)
      at Object.onceWrapper (events.js:420:28)
      at IncomingMessage.emit (events.js:326:22)
      at endReadableNT (_stream_readable.js:1241:12)
      at processTicksAndRejections (internal/process/task_queues.js:84:21)

npm manifest: 
  No manifest

yarn manifest: 
  No manifest

Lockfile: 
  No lockfile
